<?xml version="1.0" encoding="UTF-8"?>
<testsuite xmlns:xsi="http://www.w3.org/2001/XMLSchema-instance" xsi:noNamespaceSchemaLocation="https://maven.apache.org/surefire/maven-surefire-plugin/xsd/surefire-test-report-3.0.xsd" version="3.0" name="TestSuite" time="11.846" tests="1" errors="0" skipped="0" failures="0">
  <properties>
[...]
</properties>
  <testcase name="TestCreateChallenge" classname="tests.POMPageTest" time="10.595">
    <system-out><![CDATA[Running tests in environment: 
Checking if element is displayed: LoginRedirect
Path: a.nav-link[href="/user/login"]
Checking if element is displayed: LoginAction
Path: button.btn.btn-primary.mt-2[type="submit"]
Checking if element is displayed: LOGIN_INPUT_USERNAME
Path: input[id='identifier']
Checking if element is displayed: LOGIN_INPUT_PASSWORD
Path: input[id='password']
Checking if element is displayed: DASHBOARD_MENU
Path: a.nav-link[href='/dashboard']
Checking if element is displayed: MY_CHALLENGE_REDIRECT
Path: .dropdown-menu.show a.dropdown-item[href^="/challenge/by/"]
]]></system-out>
    <system-err><![CDATA[SLF4J: Failed to load class "org.slf4j.impl.StaticLoggerBinder".
SLF4J: Defaulting to no-operation (NOP) logger implementation
SLF4J: See http://www.slf4j.org/codes.html#StaticLoggerBinder for further details.
Jun 12, 2025 6:09:57 PM org.openqa.selenium.devtools.CdpVersionFinder findNearestMatch
WARNING: Unable to find CDP implementation matching 137
Jun 12, 2025 6:09:57 PM org.openqa.selenium.chromium.ChromiumDriver lambda$new$5
WARNING: Unable to find version of CDP to use for 137.0.7151.69. You may need to include a dependency on a specific version of the CDP using something similar to `org.seleniumhq.selenium:selenium-devtools-v86:4.21.0` where the version ("v86") matches the version of the chromium-based browser you're using and the version number of the artifact is the same as Selenium's.
]]></system-err>
  </testcase>
</testsuite>