<?xml version="1.0" encoding="UTF-8"?>
<testng-results ignored="0" total="1" passed="1" failed="0" skipped="0">
  <reporter-output>
  </reporter-output>
  <suite started-at="2025-06-12T18:25:21 ICT" name="WebAutomationSuite" finished-at="2025-06-12T18:25:33 ICT" duration-ms="11682">
    <groups>
    </groups>
    <test started-at="2025-06-12T18:25:21 ICT" name="AllTests" finished-at="2025-06-12T18:25:33 ICT" duration-ms="11682">
      <class name="tests.POMPageTest">
        <test-method is-config="true" signature="setup()[pri:0, instance:tests.POMPageTest@54c5a2ff]" started-at="2025-06-12T18:25:21 ICT" name="setup" finished-at="2025-06-12T18:25:22 ICT" duration-ms="1312" status="PASS">
          <reporter-output>
          </reporter-output>
        </test-method> <!-- setup -->
        <test-method is-config="true" signature="setUp()[pri:0, instance:tests.POMPageTest@54c5a2ff]" started-at="2025-06-12T18:25:22 ICT" name="setUp" finished-at="2025-06-12T18:25:22 ICT" duration-ms="6" status="PASS">
          <reporter-output>
          </reporter-output>
        </test-method> <!-- setUp -->
        <test-method signature="TestCreateChallenge()[pri:0, instance:tests.POMPageTest@54c5a2ff]" started-at="2025-06-12T18:25:22 ICT" name="TestCreateChallenge" finished-at="2025-06-12T18:25:33 ICT" duration-ms="10318" status="PASS">
          <reporter-output>
          </reporter-output>
        </test-method> <!-- TestCreateChallenge -->
      </class> <!-- tests.POMPageTest -->
    </test> <!-- AllTests -->
  </suite> <!-- WebAutomationSuite -->
</testng-results>
